Command failed: pnpm run build
⚠ Warning: Next.js inferred your workspace root, but it may not be correct.
 We detected multiple lockfiles and selected the directory of /Users/wangwei/coding/open-ox/pnpm-lock.yaml as the root directory.
 To silence this warning, set `turbopack.root` in your Next.js config, or consider removing one of the lockfiles if it's not needed.
   See https://nextjs.org/docs/app/api-reference/config/next-config-js/turbopack#root-directory for more information.
 Detected additional lockfiles: 
   * /Users/wangwei/coding/open-ox/sites/template/pnpm-lock.yaml

Failed to compile.

./components/sections/characters_CharacterDetailSection.tsx:91:15
Type error: Type '{ hidden: { opacity: number; x: number; filter: string; }; visible: { opacity: number; x: number; filter: string; transition: { type: string; damping: number; stiffness: number; }; }; }' is not assignable to type 'Variants'.
  Property 'visible' is incompatible with index signature.
    Type '{ opacity: number; x: number; filter: string; transition: { type: string; damping: number; stiffness: number; }; }' is not assignable to type 'Variant'.
      Type '{ opacity: number; x: number; filter: string; transition: { type: string; damping: number; stiffness: number; }; }' is not assignable to type 'TargetAndTransition'.
        Type '{ opacity: number; x: number; filter: string; transition: { type: string; damping: number; stiffness: number; }; }' is not assignable to type '{ transition?: Transition<any> | undefined; transitionEnd?: ResolvedValues$1 | undefined; }'.
          Types of property 'transition' are incompatible.
            Type '{ type: string; damping: number; stiffness: number; }' is not assignable to type 'Transition<any> | undefined'.
              Type '{ type: string; damping: number; stiffness: number; }' is not assignable to type 'TransitionWithValueOverrides<any>'.
                Type '{ type: string; damping: number; stiffness: number; }' is not assignable to type 'ValueAnimationTransition<any>'.
                  Types of property 'type' are incompatible.
                    Type 'string' is not assignable to type 'AnimationGeneratorType | undefined'.

[0m [90m 89 |[39m             {[90m/* Eyebrow / Label */[39m}
 [90m 90 |[39m             [33m<[39m[33mmotion[39m[33m.[39mdiv
[31m[1m>[22m[39m[90m 91 |[39m               variants[33m=[39m{itemVariants}
 [90m    |[39m               [31m[1m^[22m[39m
 [90m 92 |[39m               className[33m=[39m[32m"flex items-center gap-3 mb-4"[39m
 [90m 93 |[39m             [33m>[39m
 [90m 94 |[39m               [33m<[39m[33mspan[39m className[33m=[39m[32m"h-px w-12 bg-[#ED1D24]"[39m [33m/[39m[33m>[39m[0m
Next.js build worker exited with code: 1 and signal: null
