Command failed: pnpm run build
⚠ You are using a non-standard "NODE_ENV" value in your environment. This creates inconsistencies in the project and is strongly advised against. Read more: https://nextjs.org/docs/messages/non-standard-node-env
⚠ Warning: Next.js inferred your workspace root, but it may not be correct.
 We detected multiple lockfiles and selected the directory of /Users/magic/coding/open-ox/pnpm-lock.yaml as the root directory.
 To silence this warning, set `turbopack.root` in your Next.js config, or consider removing one of the lockfiles if it's not needed.
   See https://nextjs.org/docs/app/api-reference/config/next-config-js/turbopack#root-directory for more information.
 Detected additional lockfiles: 
   * /Users/magic/coding/open-ox/sites/template/pnpm-lock.yaml


> Build error occurred
Error: Turbopack build failed with 10 errors:
./sites/template/components/sections/home_CountdownSection.tsx:1:27
Ecmascript file had an error
[0m[31m[1m>[22m[39m[90m 1 |[39m [36mimport[39m [33mReact[39m[33m,[39m { useState[33m,[39m useEffect } [36mfrom[39m [32m"react"[39m[33m;[39m
 [90m   |[39m                           [31m[1m^[22m[39m[31m[1m^[22m[39m[31m[1m^[22m[39m[31m[1m^[22m[39m[31m[1m^[22m[39m[31m[1m^[22m[39m[31m[1m^[22m[39m[31m[1m^[22m[39m[31m[1m^[22m[39m
 [90m 2 |[39m [36mimport[39m { [33mClock[39m } [36mfrom[39m [32m"lucide-react"[39m[33m;[39m
 [90m 3 |[39m
 [90m 4 |[39m [90m/**[39m[0m

You're importing a component that needs `useEffect`. This React Hook only works in a Client Component. To fix, mark the file (or its parent) with the `"use client"` directive.

 Learn more: https://nextjs.org/docs/app/api-reference/directives/use-client



Import trace:
  Server Component:
    ./sites/template/components/sections/home_CountdownSection.tsx
    ./sites/template/app/page.tsx


./sites/template/components/sections/home_CountdownSection.tsx:1:17
Ecmascript file had an error
[0m[31m[1m>[22m[39m[90m 1 |[39m [36mimport[39m [33mReact[39m[33m,[39m { useState[33m,[39m useEffect } [36mfrom[39m [32m"react"[39m[33m;[39m
 [90m   |[39m                 [31m[1m^[22m[39m[31m[1m^[22m[39m[31m[1m^[22m[39m[31m[1m^[22m[39m[31m[1m^[22m[39m[31m[1m^[22m[39m[31m[1m^[22m[39m[31m[1m^[22m[39m
 [90m 2 |[39m [36mimport[39m { [33mClock[39m } [36mfrom[39m [32m"lucide-react"[39m[33m;[39m
 [90m 3 |[39m
 [90m 4 |[39m [90m/**[39m[0m

You're importing a component that needs `useState`. This React Hook only works in a Client Component. To fix, mark the file (or its parent) with the `"use client"` directive.

 Learn more: https://nextjs.org/docs/app/api-reference/directives/use-client



Import trace:
  Server Component:
    ./sites/template/components/sections/home_CountdownSection.tsx
    ./sites/template/app/page.tsx


./sites/template/components/sections/home_RegistrationFormSection.tsx:1:17
Ecmascript file had an error
[0m[31m[1m>[22m[39m[90m 1 |[39m [36mimport[39m [33mReact[39m[33m,[39m { useState } [36mfrom[39m [32m"react"[39m[33m;[39m
 [90m   |[39m                 [31m[1m^[22m[39m[31m[1m^[22m[39m[31m[1m^[22m[39m[31m[1m^[22m[39m[31m[1m^[22m[39m[31m[1m^[22m[39m[31m[1m^[22m[39m[31m[1m^[22m[39m
 [90m 2 |[39m [36mimport[39m { useForm } [36mfrom[39m [32m"react-hook-form"[39m[33m;[39m
 [90m 3 |[39m [36mimport[39m { motion[33m,[39m [33mAnimatePresence[39m } [36mfrom[39m [32m"framer-motion"[39m[33m;[39m
 [90m 4 |[39m [36mimport[39m {[0m

You're importing a component that needs `useState`. This React Hook only works in a Client Component. To fix, mark the file (or its parent) with the `"use client"` directive.

 Learn more: https://nextjs.org/docs/app/api-reference/directives/use-client



Import trace:
  Server Component:
    ./sites/template/components/sections/home_RegistrationFormSection.tsx
    ./sites/template/app/page.tsx


./sites/template/components/sections/layout_FooterSection.tsx:1:17
Ecmascript file had an error
[0m[31m[1m>[22m[39m[90m 1 |[39m [36mimport[39m [33mReact[39m[33m,[39m { useState } [36mfrom[39m [32m"react"[39m[33m;[39m
 [90m   |[39m                 [31m[1m^[22m[39m[31m[1m^[22m[39m[31m[1m^[22m[39m[31m[1m^[22m[39m[31m[1m^[22m[39m[31m[1m^[22m[39m[31m[1m^[22m[39m[31m[1m^[22m[39m
 [90m 2 |[39m [36mimport[39m {
 [90m 3 |[39m   [33mGhost[39m[33m,[39m
 [90m 4 |[39m   [33mInstagram[39m[33m,[39m[0m

You're importing a component that needs `useState`. This React Hook only works in a Client Component. To fix, mark the file (or its parent) with the `"use client"` directive.

 Learn more: https://nextjs.org/docs/app/api-reference/directives/use-client



Import trace:
  Server Component:
    ./sites/template/components/sections/layout_FooterSection.tsx
    ./sites/template/app/layout.tsx


./sites/template/components/sections/layout_NavigationSection.tsx:1:27
Ecmascript file had an error
[0m[31m[1m>[22m[39m[90m 1 |[39m [36mimport[39m [33mReact[39m[33m,[39m { useState[33m,[39m useEffect } [36mfrom[39m [32m"react"[39m[33m;[39m
 [90m   |[39m                           [31m[1m^[22m[39m[31m[1m^[22m[39m[31m[1m^[22m[39m[31m[1m^[22m[39m[31m[1m^[22m[39m[31m[1m^[22m[39m[31m[1m^[22m[39m[31m[1m^[22m[39m[31m[1m^[22m[39m
 [90m 2 |[39m [36mimport[39m { [33mPumpkin[39m[33m,[39m [33mMenu[39m[33m,[39m [33mX[39m[33m,[39m [33mGhost[39m } [36mfrom[39m [32m"lucide-react"[39m[33m;[39m
 [90m 3 |[39m
 [90m 4 |[39m [36mconst[39m [33mNavigationSection[39m [33m=[39m () [33m=>[39m {[0m

You're importing a component that needs `useEffect`. This React Hook only works in a Client Component. To fix, mark the file (or its parent) with the `"use client"` directive.

 Learn more: https://nextjs.org/docs/app/api-reference/directives/use-client



Import trace:
  Server Component:
    ./sites/template/components/sections/layout_NavigationSection.tsx
    ./sites/template/app/layout.tsx


./sites/template/components/sections/layout_NavigationSection.tsx:1:17
Ecmascript file had an error
[0m[31m[1m>[22m[39m[90m 1 |[39m [36mimport[39m [33mReact[39m[33m,[39m { useState[33m,[39m useEffect } [36mfrom[39m [32m"react"[39m[33m;[39m
 [90m   |[39m                 [31m[1m^[22m[39m[31m[1m^[22m[39m[31m[1m^[22m[39m[31m[1m^[22m[39m[31m[1m^[22m[39m[31m[1m^[22m[39m[31m[1m^[22m[39m[31m[1m^[22m[39m
 [90m 2 |[39m [36mimport[39m { [33mPumpkin[39m[33m,[39m [33mMenu[39m[33m,[39m [33mX[39m[33m,[39m [33mGhost[39m } [36mfrom[39m [32m"lucide-react"[39m[33m;[39m
 [90m 3 |[39m
 [90m 4 |[39m [36mconst[39m [33mNavigationSection[39m [33m=[39m () [33m=>[39m {[0m

You're importing a component that needs `useState`. This React Hook only works in a Client Component. To fix, mark the file (or its parent) with the `"use client"` directive.

 Learn more: https://nextjs.org/docs/app/api-reference/directives/use-client



Import trace:
  Server Component:
    ./sites/template/components/sections/layout_NavigationSection.tsx
    ./sites/template/app/layout.tsx


./sites/template/components/sections/home_RegistrationFormSection.tsx:3:1
Module not found: Can't resolve 'framer-motion'
[0m [90m 1 |[39m [36mimport[39m [33mReact[39m[33m,[39m { useState } [36mfrom[39m [32m"react"[39m[33m;[39m
 [90m 2 |[39m [36mimport[39m { useForm } [36mfrom[39m [32m"react-hook-form"[39m[33m;[39m
[31m[1m>[22m[39m[90m 3 |[39m [36mimport[39m { motion[33m,[39m [33mAnimatePresence[39m } [36mfrom[39m [32m"framer-motion"[39m[33m;[39m
 [90m   |[39m [31m[1m^[22m[39m[31m[1m^[22m[39m[31m[1m^[22m[39m[31m[1m^[22m[39m[31m[1m^[22m[39m[31m[1m^[22m[39m[31m[1m^[22m[39m[31m[1m^[22m[39m[31m[1m^[22m[39m[31m[1m^[22m[39m[31m[1m^[22m[39m[31m[1m^[22m[39m[31m[1m^[22m[39m[31m[1m^[22m[39m[31m[1m^[22m[39m[31m[1m^[22m[39m[31m[1m^[22m[39m[31m[1m^[22m[39m[31m[1m^[22m[39m[31m[1m^[22m[39m[31m[1m^[22m[39m[31m[1m^[22m[39m[31m[1m^[22m[39m[31m[1m^[22m[39m[31m[1m^[22m[39m[31m[1m^[22m[39m[31m[1m^[22m[39m[31m[1m^[22m[39m[31m[1m^[22m[39m[31m[1m^[22m[39m[31m[1m^[22m[39m[31m[1m^[22m[39m[31m[1m^[22m[39m[31m[1m^[22m[39m[31m[1m^[22m[39m[31m[1m^[22m[39m[31m[1m^[22m[39m[31m[1m^[22m[39m[31m[1m^[22m[39m[31m[1m^[22m[39m[31m[1m^[22m[39m[31m[1m^[22m[39m[31m[1m^[22m[39m[31m[1m^[22m[39m[31m[1m^[22m[39m[31m[1m^[22m[39m[31m[1m^[22m[39m[31m[1m^[22m[39m[31m[1m^[22m[39m[31m[1m^[22m[39m[31m[1m^[22m[39m[31m[1m^[22m[39m[31m[1m^[22m[39m[31m[1m^[22m[39m[31m[1m^[22m[39m[31m[1m^[22m[39m
 [90m 4 |[39m [36mimport[39m {
 [90m 5 |[39m   [33mSkull[39m[33m,[39m
 [90m 6 |[39m   [33mGhost[39m[33m,[39m[0m



Import trace:
  Server Component:
    ./sites/template/components/sections/home_RegistrationFormSection.tsx
    ./sites/template/app/page.tsx

https://nextjs.org/docs/messages/module-not-found


./sites/template/components/sections/home_RegistrationFormSection.tsx:2:1
Module not found: Can't resolve 'react-hook-form'
[0m [90m 1 |[39m [36mimport[39m [33mReact[39m[33m,[39m { useState } [36mfrom[39m [32m"react"[39m[33m;[39m
[31m[1m>[22m[39m[90m 2 |[39m [36mimport[39m { useForm } [36mfrom[39m [32m"react-hook-form"[39m[33m;[39m
 [90m   |[39m [31m[1m^[22m[39m[31m[1m^[22m[39m[31m[1m^[22m[39m[31m[1m^[22m[39m[31m[1m^[22m[39m[31m[1m^[22m[39m[31m[1m^[22m[39m[31m[1m^[22m[39m[31m[1m^[22m[39m[31m[1m^[22m[39m[31m[1m^[22m[39m[31m[1m^[22m[39m[31m[1m^[22m[39m[31m[1m^[22m[39m[31m[1m^[22m[39m[31m[1m^[22m[39m[31m[1m^[22m[39m[31m[1m^[22m[39m[31m[1m^[22m[39m[31m[1m^[22m[39m[31m[1m^[22m[39m[31m[1m^[22m[39m[31m[1m^[22m[39m[31m[1m^[22m[39m[31m[1m^[22m[39m[31m[1m^[22m[39m[31m[1m^[22m[39m[31m[1m^[22m[39m[31m[1m^[22m[39m[31m[1m^[22m[39m[31m[1m^[22m[39m[31m[1m^[22m[39m[31m[1m^[22m[39m[31m[1m^[22m[39m[31m[1m^[22m[39m[31m[1m^[22m[39m[31m[1m^[22m[39m[31m[1m^[22m[39m[31m[1m^[22m[39m[31m[1m^[22m[39m[31m[1m^[22m[39m[31m[1m^[22m[39m
 [90m 3 |[39m [36mimport[39m { motion[33m,[39m [33mAnimatePresence[39m } [36mfrom[39m [32m"framer-motion"[39m[33m;[39m
 [90m 4 |[39m [36mimport[39m {
 [90m 5 |[39m   [33mSkull[39m[33m,[39m[0m



Import trace:
  Server Component:
    ./sites/template/components/sections/home_RegistrationFormSection.tsx
    ./sites/template/app/page.tsx

https://nextjs.org/docs/messages/module-not-found


./sites/template/components/sections
Invalid import
'client-only' cannot be imported from a Server Component module. It should only be used from a Client Component.
The error was caused by using 'styled-jsx'. It only works in a Client Component but none of its parents are marked with "use client", so they're Server Components by default.



./sites/template/components/sections/layout_NavigationSection.tsx:2:1
Export Pumpkin doesn't exist in target module
[0m [90m 1 |[39m [36mimport[39m [33mReact[39m[33m,[39m { useState[33m,[39m useEffect } [36mfrom[39m [32m"react"[39m[33m;[39m
[31m[1m>[22m[39m[90m 2 |[39m [36mimport[39m { [33mPumpkin[39m[33m,[39m [33mMenu[39m[33m,[39m [33mX[39m[33m,[39m [33mGhost[39m } [36mfrom[39m [32m"lucide-react"[39m[33m;[39m
 [90m   |[39m [31m[1m^[22m[39m[31m[1m^[22m[39m[31m[1m^[22m[39m[31m[1m^[22m[39m[31m[1m^[22m[39m[31m[1m^[22m[39m[31m[1m^[22m[39m[31m[1m^[22m[39m[31m[1m^[22m[39m[31m[1m^[22m[39m[31m[1m^[22m[39m[31m[1m^[22m[39m[31m[1m^[22m[39m[31m[1m^[22m[39m[31m[1m^[22m[39m[31m[1m^[22m[39m[31m[1m^[22m[39m[31m[1m^[22m[39m[31m[1m^[22m[39m[31m[1m^[22m[39m[31m[1m^[22m[39m[31m[1m^[22m[39m[31m[1m^[22m[39m[31m[1m^[22m[39m[31m[1m^[22m[39m[31m[1m^[22m[39m[31m[1m^[22m[39m[31m[1m^[22m[39m[31m[1m^[22m[39m[31m[1m^[22m[39m[31m[1m^[22m[39m[31m[1m^[22m[39m[31m[1m^[22m[39m[31m[1m^[22m[39m[31m[1m^[22m[39m[31m[1m^[22m[39m[31m[1m^[22m[39m[31m[1m^[22m[39m[31m[1m^[22m[39m[31m[1m^[22m[39m[31m[1m^[22m[39m[31m[1m^[22m[39m[31m[1m^[22m[39m[31m[1m^[22m[39m[31m[1m^[22m[39m[31m[1m^[22m[39m[31m[1m^[22m[39m[31m[1m^[22m[39m[31m[1m^[22m[39m[31m[1m^[22m[39m[31m[1m^[22m[39m[31m[1m^[22m[39m[31m[1m^[22m[39m[31m[1m^[22m[39m[31m[1m^[22m[39m
 [90m 3 |[39m
 [90m 4 |[39m [36mconst[39m [33mNavigationSection[39m [33m=[39m () [33m=>[39m {
 [90m 5 |[39m   [36mconst[39m [isScrolled[33m,[39m setIsScrolled] [33m=[39m useState([36mfalse[39m)[33m;[39m[0m

The export Pumpkin was not found in module [project]/sites/template/node_modules/.pnpm/lucide-react@0.577.0_react@19.2.3/node_modules/lucide-react/dist/esm/lucide-react.js [app-rsc] (ecmascript).
Did you mean to import PyramidIcon?
All exports of the module are statically known (It doesn't have dynamic exports). So it's known statically that the requested export doesn't exist.

Import trace:
  Server Component:
    ./sites/template/components/sections/layout_NavigationSection.tsx
    ./sites/template/app/layout.tsx


    at <unknown> (./sites/template/components/sections/home_CountdownSection.tsx:1:27)
    at <unknown> (./sites/template/components/sections/home_CountdownSection.tsx:1:17)
    at <unknown> (./sites/template/components/sections/home_RegistrationFormSection.tsx:1:17)
    at <unknown> (./sites/template/components/sections/layout_FooterSection.tsx:1:17)
    at <unknown> (./sites/template/components/sections/layout_NavigationSection.tsx:1:27)
    at <unknown> (./sites/template/components/sections/layout_NavigationSection.tsx:1:17)
    at <unknown> (./sites/template/components/sections/home_RegistrationFormSection.tsx:3:1)
    at <unknown> (https://nextjs.org/docs/messages/module-not-found)
    at <unknown> (./sites/template/components/sections/home_RegistrationFormSection.tsx:2:1)
    at <unknown> (https://nextjs.org/docs/messages/module-not-found)
    at <unknown> (./sites/template/components/sections/layout_NavigationSection.tsx:2:1)
