Command failed: pnpm run build
⚠ You are using a non-standard "NODE_ENV" value in your environment. This creates inconsistencies in the project and is strongly advised against. Read more: https://nextjs.org/docs/messages/non-standard-node-env
⚠ Warning: Next.js inferred your workspace root, but it may not be correct.
 We detected multiple lockfiles and selected the directory of /Users/wangwei/coding/open-ox/pnpm-lock.yaml as the root directory.
 To silence this warning, set `turbopack.root` in your Next.js config, or consider removing one of the lockfiles if it's not needed.
   See https://nextjs.org/docs/app/api-reference/config/next-config-js/turbopack#root-directory for more information.
 Detected additional lockfiles: 
   * /Users/wangwei/coding/open-ox/sites/template/pnpm-lock.yaml


> Build error occurred
Error: Turbopack build failed with 16 errors:
./sites/template/components/sections/home_LineupSection.tsx:232:1
Ecmascript file had an error
[0m [90m 230 |[39m   )[33m;[39m
 [90m 231 |[39m }
[31m[1m>[22m[39m[90m 232 |[39m ([32m"use client"[39m)[33m;[39m
 [90m     |[39m [31m[1m^[22m[39m[31m[1m^[22m[39m[31m[1m^[22m[39m[31m[1m^[22m[39m[31m[1m^[22m[39m[31m[1m^[22m[39m[31m[1m^[22m[39m[31m[1m^[22m[39m[31m[1m^[22m[39m[31m[1m^[22m[39m[31m[1m^[22m[39m[31m[1m^[22m[39m[31m[1m^[22m[39m[31m[1m^[22m[39m[31m[1m^[22m[39m
 [90m 233 |[39m
 [90m 234 |[39m [36mimport[39m [33mReact[39m [36mfrom[39m [32m"react"[39m[33m;[39m
 [90m 235 |[39m [36mimport[39m { motion } [36mfrom[39m [32m"framer-motion"[39m[33m;[39m[0m

The "use client" directive must be placed before other expressions. Move it to the top of the file to resolve this issue.

Import trace:
  Server Component:
    ./sites/template/components/sections/home_LineupSection.tsx
    ./sites/template/app/page.tsx


./sites/template/components/sections/home_LineupSection.tsx:243:3
Ecmascript file had an error
[0m [90m 241 |[39m   [33mBiohazard[39m[33m,[39m
 [90m 242 |[39m   [33mMonitor[39m[33m,[39m
[31m[1m>[22m[39m[90m 243 |[39m   [33mArrowUpRight[39m[33m,[39m
 [90m     |[39m   [31m[1m^[22m[39m[31m[1m^[22m[39m[31m[1m^[22m[39m[31m[1m^[22m[39m[31m[1m^[22m[39m[31m[1m^[22m[39m[31m[1m^[22m[39m[31m[1m^[22m[39m[31m[1m^[22m[39m[31m[1m^[22m[39m[31m[1m^[22m[39m[31m[1m^[22m[39m
 [90m 244 |[39m   [33mMusic2[39m[33m,[39m
 [90m 245 |[39m   [33mRadiation[39m[33m,[39m
 [90m 246 |[39m } [36mfrom[39m [32m"lucide-react"[39m[33m;[39m[0m

the name `ArrowUpRight` is defined multiple times

Import trace:
  Server Component:
    ./sites/template/components/sections/home_LineupSection.tsx
    ./sites/template/app/page.tsx


./sites/template/components/sections/home_LineupSection.tsx:241:3
Ecmascript file had an error
[0m [90m 239 |[39m   [33mGhost[39m[33m,[39m
 [90m 240 |[39m   [33mEye[39m[33m,[39m
[31m[1m>[22m[39m[90m 241 |[39m   [33mBiohazard[39m[33m,[39m
 [90m     |[39m   [31m[1m^[22m[39m[31m[1m^[22m[39m[31m[1m^[22m[39m[31m[1m^[22m[39m[31m[1m^[22m[39m[31m[1m^[22m[39m[31m[1m^[22m[39m[31m[1m^[22m[39m[31m[1m^[22m[39m
 [90m 242 |[39m   [33mMonitor[39m[33m,[39m
 [90m 243 |[39m   [33mArrowUpRight[39m[33m,[39m
 [90m 244 |[39m   [33mMusic2[39m[33m,[39m[0m

the name `Biohazard` is defined multiple times

Import trace:
  Server Component:
    ./sites/template/components/sections/home_LineupSection.tsx
    ./sites/template/app/page.tsx


./sites/template/components/sections/home_LineupSection.tsx:240:3
Ecmascript file had an error
[0m [90m 238 |[39m   [33mZap[39m[33m,[39m
 [90m 239 |[39m   [33mGhost[39m[33m,[39m
[31m[1m>[22m[39m[90m 240 |[39m   [33mEye[39m[33m,[39m
 [90m     |[39m   [31m[1m^[22m[39m[31m[1m^[22m[39m[31m[1m^[22m[39m
 [90m 241 |[39m   [33mBiohazard[39m[33m,[39m
 [90m 242 |[39m   [33mMonitor[39m[33m,[39m
 [90m 243 |[39m   [33mArrowUpRight[39m[33m,[39m[0m

the name `Eye` is defined multiple times

Import trace:
  Server Component:
    ./sites/template/components/sections/home_LineupSection.tsx
    ./sites/template/app/page.tsx


./sites/template/components/sections/home_LineupSection.tsx:250:7
Ecmascript file had an error
[0m [90m 248 |[39m [36mconst[39m [33mOCTAGON_CLIP[39m [33m=[39m [32m"polygon(8% 0, 100% 0, 100% 92%, 92% 100%, 0 100%, 0 8%)"[39m[33m;[39m
 [90m 249 |[39m
[31m[1m>[22m[39m[90m 250 |[39m [36mconst[39m [33mFEATURE_DATA[39m [33m=[39m [
 [90m     |[39m       [31m[1m^[22m[39m[31m[1m^[22m[39m[31m[1m^[22m[39m[31m[1m^[22m[39m[31m[1m^[22m[39m[31m[1m^[22m[39m[31m[1m^[22m[39m[31m[1m^[22m[39m[31m[1m^[22m[39m[31m[1m^[22m[39m[31m[1m^[22m[39m[31m[1m^[22m[39m
 [90m 251 |[39m   {
 [90m 252 |[39m     id[33m:[39m [32m"01"[39m[33m,[39m
 [90m 253 |[39m     title[33m:[39m [32m"CYBER GHOUL"[39m[33m,[39m[0m

the name `FEATURE_DATA` is defined multiple times

Import trace:
  Server Component:
    ./sites/template/components/sections/home_LineupSection.tsx
    ./sites/template/app/page.tsx


./sites/template/components/sections/home_LineupSection.tsx:239:3
Ecmascript file had an error
[0m [90m 237 |[39m   [33mSkull[39m[33m,[39m
 [90m 238 |[39m   [33mZap[39m[33m,[39m
[31m[1m>[22m[39m[90m 239 |[39m   [33mGhost[39m[33m,[39m
 [90m     |[39m   [31m[1m^[22m[39m[31m[1m^[22m[39m[31m[1m^[22m[39m[31m[1m^[22m[39m[31m[1m^[22m[39m
 [90m 240 |[39m   [33mEye[39m[33m,[39m
 [90m 241 |[39m   [33mBiohazard[39m[33m,[39m
 [90m 242 |[39m   [33mMonitor[39m[33m,[39m[0m

the name `Ghost` is defined multiple times

Import trace:
  Server Component:
    ./sites/template/components/sections/home_LineupSection.tsx
    ./sites/template/app/page.tsx


./sites/template/components/sections/home_LineupSection.tsx:325:25
Ecmascript file had an error
[0m [90m 323 |[39m ][33m;[39m
 [90m 324 |[39m
[31m[1m>[22m[39m[90m 325 |[39m [36mexport[39m [36mdefault[39m [36mfunction[39m [33mLineupSection[39m() {
 [90m     |[39m                         [31m[1m^[22m[39m[31m[1m^[22m[39m[31m[1m^[22m[39m[31m[1m^[22m[39m[31m[1m^[22m[39m[31m[1m^[22m[39m[31m[1m^[22m[39m[31m[1m^[22m[39m[31m[1m^[22m[39m[31m[1m^[22m[39m[31m[1m^[22m[39m[31m[1m^[22m[39m[31m[1m^[22m[39m
 [90m 326 |[39m   [36mreturn[39m (
 [90m 327 |[39m     [33m<[39m[33msection[39m className[33m=[39m[32m"relative w-full bg-[#050505] py-24 px-4 md:px-8 overflow-hidden"[39m[33m>[39m
 [90m 328 |[39m       {[90m/* Background Decorative Elements */[39m}[0m

the name `LineupSection` is defined multiple times

Import trace:
  Server Component:
    ./sites/template/components/sections/home_LineupSection.tsx
    ./sites/template/app/page.tsx


./sites/template/components/sections/home_LineupSection.tsx:242:3
Ecmascript file had an error
[0m [90m 240 |[39m   [33mEye[39m[33m,[39m
 [90m 241 |[39m   [33mBiohazard[39m[33m,[39m
[31m[1m>[22m[39m[90m 242 |[39m   [33mMonitor[39m[33m,[39m
 [90m     |[39m   [31m[1m^[22m[39m[31m[1m^[22m[39m[31m[1m^[22m[39m[31m[1m^[22m[39m[31m[1m^[22m[39m[31m[1m^[22m[39m[31m[1m^[22m[39m
 [90m 243 |[39m   [33mArrowUpRight[39m[33m,[39m
 [90m 244 |[39m   [33mMusic2[39m[33m,[39m
 [90m 245 |[39m   [33mRadiation[39m[33m,[39m[0m

the name `Monitor` is defined multiple times

Import trace:
  Server Component:
    ./sites/template/components/sections/home_LineupSection.tsx
    ./sites/template/app/page.tsx


./sites/template/components/sections/home_LineupSection.tsx:244:3
Ecmascript file had an error
[0m [90m 242 |[39m   [33mMonitor[39m[33m,[39m
 [90m 243 |[39m   [33mArrowUpRight[39m[33m,[39m
[31m[1m>[22m[39m[90m 244 |[39m   [33mMusic2[39m[33m,[39m
 [90m     |[39m   [31m[1m^[22m[39m[31m[1m^[22m[39m[31m[1m^[22m[39m[31m[1m^[22m[39m[31m[1m^[22m[39m[31m[1m^[22m[39m
 [90m 245 |[39m   [33mRadiation[39m[33m,[39m
 [90m 246 |[39m } [36mfrom[39m [32m"lucide-react"[39m[33m;[39m
 [90m 247 |[39m[0m

the name `Music2` is defined multiple times

Import trace:
  Server Component:
    ./sites/template/components/sections/home_LineupSection.tsx
    ./sites/template/app/page.tsx


./sites/template/components/sections/home_LineupSection.tsx:248:7
Ecmascript file had an error
[0m [90m 246 |[39m } [36mfrom[39m [32m"lucide-react"[39m[33m;[39m
 [90m 247 |[39m
[31m[1m>[22m[39m[90m 248 |[39m [36mconst[39m [33mOCTAGON_CLIP[39m [33m=[39m [32m"polygon(8% 0, 100% 0, 100% 92%, 92% 100%, 0 100%, 0 8%)"[39m[33m;[39m
 [90m     |[39m       [31m[1m^[22m[39m[31m[1m^[22m[39m[31m[1m^[22m[39m[31m[1m^[22m[39m[31m[1m^[22m[39m[31m[1m^[22m[39m[31m[1m^[22m[39m[31m[1m^[22m[39m[31m[1m^[22m[39m[31m[1m^[22m[39m[31m[1m^[22m[39m[31m[1m^[22m[39m
 [90m 249 |[39m
 [90m 250 |[39m [36mconst[39m [33mFEATURE_DATA[39m [33m=[39m [
 [90m 251 |[39m   {[0m

the name `OCTAGON_CLIP` is defined multiple times

Import trace:
  Server Component:
    ./sites/template/components/sections/home_LineupSection.tsx
    ./sites/template/app/page.tsx


./sites/template/components/sections/home_LineupSection.tsx:245:3
Ecmascript file had an error
[0m [90m 243 |[39m   [33mArrowUpRight[39m[33m,[39m
 [90m 244 |[39m   [33mMusic2[39m[33m,[39m
[31m[1m>[22m[39m[90m 245 |[39m   [33mRadiation[39m[33m,[39m
 [90m     |[39m   [31m[1m^[22m[39m[31m[1m^[22m[39m[31m[1m^[22m[39m[31m[1m^[22m[39m[31m[1m^[22m[39m[31m[1m^[22m[39m[31m[1m^[22m[39m[31m[1m^[22m[39m[31m[1m^[22m[39m
 [90m 246 |[39m } [36mfrom[39m [32m"lucide-react"[39m[33m;[39m
 [90m 247 |[39m
 [90m 248 |[39m [36mconst[39m [33mOCTAGON_CLIP[39m [33m=[39m [32m"polygon(8% 0, 100% 0, 100% 92%, 92% 100%, 0 100%, 0 8%)"[39m[33m;[39m[0m

the name `Radiation` is defined multiple times

Import trace:
  Server Component:
    ./sites/template/components/sections/home_LineupSection.tsx
    ./sites/template/app/page.tsx


./sites/template/components/sections/home_LineupSection.tsx:234:8
Ecmascript file had an error
[0m [90m 232 |[39m ([32m"use client"[39m)[33m;[39m
 [90m 233 |[39m
[31m[1m>[22m[39m[90m 234 |[39m [36mimport[39m [33mReact[39m [36mfrom[39m [32m"react"[39m[33m;[39m
 [90m     |[39m        [31m[1m^[22m[39m[31m[1m^[22m[39m[31m[1m^[22m[39m[31m[1m^[22m[39m[31m[1m^[22m[39m
 [90m 235 |[39m [36mimport[39m { motion } [36mfrom[39m [32m"framer-motion"[39m[33m;[39m
 [90m 236 |[39m [36mimport[39m {
 [90m 237 |[39m   [33mSkull[39m[33m,[39m[0m

the name `React` is defined multiple times

Import trace:
  Server Component:
    ./sites/template/components/sections/home_LineupSection.tsx
    ./sites/template/app/page.tsx


./sites/template/components/sections/home_LineupSection.tsx:237:3
Ecmascript file had an error
[0m [90m 235 |[39m [36mimport[39m { motion } [36mfrom[39m [32m"framer-motion"[39m[33m;[39m
 [90m 236 |[39m [36mimport[39m {
[31m[1m>[22m[39m[90m 237 |[39m   [33mSkull[39m[33m,[39m
 [90m     |[39m   [31m[1m^[22m[39m[31m[1m^[22m[39m[31m[1m^[22m[39m[31m[1m^[22m[39m[31m[1m^[22m[39m
 [90m 238 |[39m   [33mZap[39m[33m,[39m
 [90m 239 |[39m   [33mGhost[39m[33m,[39m
 [90m 240 |[39m   [33mEye[39m[33m,[39m[0m

the name `Skull` is defined multiple times

Import trace:
  Server Component:
    ./sites/template/components/sections/home_LineupSection.tsx
    ./sites/template/app/page.tsx


./sites/template/components/sections/home_LineupSection.tsx:238:3
Ecmascript file had an error
[0m [90m 236 |[39m [36mimport[39m {
 [90m 237 |[39m   [33mSkull[39m[33m,[39m
[31m[1m>[22m[39m[90m 238 |[39m   [33mZap[39m[33m,[39m
 [90m     |[39m   [31m[1m^[22m[39m[31m[1m^[22m[39m[31m[1m^[22m[39m
 [90m 239 |[39m   [33mGhost[39m[33m,[39m
 [90m 240 |[39m   [33mEye[39m[33m,[39m
 [90m 241 |[39m   [33mBiohazard[39m[33m,[39m[0m

the name `Zap` is defined multiple times

Import trace:
  Server Component:
    ./sites/template/components/sections/home_LineupSection.tsx
    ./sites/template/app/page.tsx


./sites/template/components/sections/home_LineupSection.tsx:325:1
Ecmascript file had an error
[0m [90m 323 |[39m ][33m;[39m
 [90m 324 |[39m
[31m[1m>[22m[39m[90m 325 |[39m [36mexport[39m [36mdefault[39m [36mfunction[39m [33mLineupSection[39m() {
 [90m     |[39m [31m[1m^[22m[39m[31m[1m^[22m[39m[31m[1m^[22m[39m[31m[1m^[22m[39m[31m[1m^[22m[39m[31m[1m^[22m[39m[31m[1m^[22m[39m[31m[1m^[22m[39m[31m[1m^[22m[39m[31m[1m^[22m[39m[31m[1m^[22m[39m[31m[1m^[22m[39m[31m[1m^[22m[39m[31m[1m^[22m[39m[31m[1m^[22m[39m[31m[1m^[22m[39m[31m[1m^[22m[39m[31m[1m^[22m[39m[31m[1m^[22m[39m[31m[1m^[22m[39m[31m[1m^[22m[39m[31m[1m^[22m[39m[31m[1m^[22m[39m[31m[1m^[22m[39m[31m[1m^[22m[39m[31m[1m^[22m[39m[31m[1m^[22m[39m[31m[1m^[22m[39m[31m[1m^[22m[39m[31m[1m^[22m[39m[31m[1m^[22m[39m[31m[1m^[22m[39m[31m[1m^[22m[39m[31m[1m^[22m[39m[31m[1m^[22m[39m[31m[1m^[22m[39m[31m[1m^[22m[39m[31m[1m^[22m[39m[31m[1m^[22m[39m[31m[1m^[22m[39m[31m[1m^[22m[39m
[31m[1m>[22m[39m[90m 326 |[39m   [36mreturn[39m (
 [90m     |[39m [31m[1m^[22m[39m[31m[1m^[22m[39m[31m[1m^[22m[39m[31m[1m^[22m[39m[31m[1m^[22m[39m[31m[1m^[22m[39m[31m[1m^[22m[39m[31m[1m^[22m[39m[31m[1m^[22m[39m[31m[1m^[22m[39m
[31m[1m>[22m[39m[90m 327 |[39m     [33m<[39m[33msection[39m className[33m=[39m[32m"relative w-full bg-[#050505] py-24 px-4 md:px-8 overflow-hidden"[39m[33m>[39m
 [90m     |[39m [31m[1m^[22m[39m[31m[1m^[22m[39m[31m[1m^[22m[39m[31m[1m^[22m[39m[31m[1m^[22m[39m[31m[1m^[22m[39m[31m[1m^[22m[39m[31m[1m^[22m[39m[31m[1m^[22m[39m[31m[1m^[22m[39m
[31m[1m>[22m[39m[90m 328 |[39m       {[90m/* Background Decorative Elements */[39m}
 [90m     |[39m [31m[1m^[22m[39m[31m[1m^[22m[39m[31m[1m^[22m[39m[31m[1m^[22m[39m[31m[1m^[22m[39m[31m[1m^[22m[39m[31m[1m^[22m[39m[31m[1m^[22m[39m[31m[1m^[22m[39m[31m[1m^[22m[39m
[31m[1m>[22m[39m[90m 329 |[39m       [33m<[39m[33mdiv[39m className[33m=[39m[32m"absolute top-0 left-0 w-full h-full bg-grain pointer-events-none opacity-20"[39m [33m/[39m[33m>[39m
 [90m     |[39m [31m[1m^[22m[39m[31m[1m^[22m[39m[31m[1m^[22m[39m[31m[1m^[22m[39m[31m[1m^[22m[39m[31m[1m^[22m[39m[31m[1m^[22m[39m[31m[1m^[22m[39m[31m[1m^[22m[39m[31m[1m^[22m[39m
[31m[1m>[22m[39m[90m 330 |[39m       [33m<[39m[33mdiv[39m className[33m=[39m[32m"absolute top-0 left-0 w-full h-full bg-scanlines pointer-events-none opacity-10"[39m [33m/[39m[33m>[39m
 [90m     |[39m [31m[1m^[22m[39m[31m[1m^[22m[39m[31m[1m^[22m[39m[31m[1m^[22m[39m[31m[1m^[22m[39m[31m[1m^[22m[39m[31m[1m^[22m[39m[31m[1m^[22m[39m[31m[1m^[22m[39m[31m[1m^[22m[39m
[31m[1m>[22m[39m[90m 331 |[39m
 [90m     |[39m [31m[1m^[22m[39m[31m[1m^[22m[39m[31m[1m^[22m[39m[31m[1m^[22m[39m[31m[1m^[22m[39m[31m[1m^[22m[39m[31m[1m^[22m[39m[31m[1m^[22m[39m[31m[1m^[22m[39m[31m[1m^[22m[39m
[31m[1m>[22m[39m[90m 332 |[39m       {[90m/* Section Header */[39m}
 [90m     |[39m [31m[1m^[22m[39m[31m[1m^[22m[39m[31m[1m^[22m[39m[31m[1m^[22m[39m[31m[1m^[22m[39m[31m[1m^[22m[39m[31m[1m^[22m[39m[31m[1m^[22m[39m[31m[1m^[22m[39m[31m[1m^[22m[39m
[31m[1m>[22m[39m[90m 333 |[39m       [33m<[39m[33mdiv[39m className[33m=[39m[32m"relative z-10 max-w-7xl mx-auto mb-16 md:mb-24"[39m[33m>[39m
 [90m     |[39m [31m[1m^[22m[39m[31m[1m^[22m[39m[31m[1m^[22m[39m[31m[1m^[22m[39m[31m[1m^[22m[39m[31m[1m^[22m[39m[31m[1m^[22m[39m[31m[1m^[22m[39m[31m[1m^[22m[39m[31m[1m^[22m[39m
[31m[1m>[22m[39m[90m 334 |[39m         [33m<[39m[33mdiv[39m className[33m=[39m[32m"flex flex-col items-start -rotate-[-1deg] md:-ml-4"[39m[33m>[39m
 [90m     |[39m [31m[1m^[22m[39m[31m[1m^[22m[39m[31m[1m^[22m[39m[31m[1m^[22m[39m[31m[1m^[22m[39m[31m[1m^[22m[39m[31m[1m^[22m[39m[31m[1m^[22m[39m[31m[1m^[22m[39m[31m[1m^[22m[39m
[31m[1m>[22m[39m[90m 335 |[39m           [33m<[39m[33mspan[39m className[33m=[39m[32m"font-label text-[#CCFF00] text-sm md:text-base tracking-[0.3em] mb-4 flex items-center gap-2"[39m[33m>[39m
 [90m     |[39m [31m[1m^[22m[39m[31m[1m^[22m[39m[31m[1m^[22m[39m[31m[1m^[22m[39m[31m[1m^[22m[39m[31m[1m^[22m[39m[31m[1m^[22m[39m[31m[1m^[22m[39m[31m[1m^[22m[39m[31m[1m^[22m[39m
[31m[1m>[22m[39m[90m 336 |[39m             [33m<[39m[33mRadiation[39m className[33m=[39m[32m"w-4 h-4 animate-spin-slow"[39m [33m/[39m[33m>[39m
 [90m     |[39m [31m[1m^[22m[39m[31m[1m^[22m[39m[31m[1m^[22m[39m[31m[1m^[22m[39m[31m[1m^[22m[39m[31m[1m^[22m[39m[31m[1m^[22m[39m[31m[1m^[22m[39m[31m[1m^[22m[39m[31m[1m^[22m[39m
[31m[1m>[22m[39m[90m 337 |[39m             [33mLIVE[39m [33mTRANSMISSION[39m [90m// OCT 31[39m
 [90m     |[39m [31m[1m^[22m[39m[31m[1m^[22m[39m[31m[1m^[22m[39m[31m[1m^[22m[39m[31m[1m^[22m[39m[31m[1m^[22m[39m[31m[1m^[22m[39m[31m[1m^[22m[39m[31m[1m^[22m[39m[31m[1m^[22m[39m
[31m[1m>[22m[39m[90m 338 |[39m           [33m<[39m[33m/[39m[33mspan[39m[33m>[39m
 [90m     |[39m [31m[1m^[22m[39m[31m[1m^[22m[39m[31m[1m^[22m[39m[31m[1m^[22m[39m[31m[1m^[22m[39m[31m[1m^[22m[39m[31m[1m^[22m[39m[31m[1m^[22m[39m[31m[1m^[22m[39m[31m[1m^[22m[39m
[31m[1m>[22m[39m[90m 339 |[39m           [33m<[39m[33mh2[39m className[33m=[39m[32m"font-header text-5xl md:text-8xl text-[#F5F5F5] leading-none uppercase tracking-tighter"[39m[33m>[39m
 [90m     |[39m [31m[1m^[22m[39m[31m[1m^[22m[39m[31m[1m^[22m[39m[31m[1m^[22m[39m[31m[1m^[22m[39m[31m[1m^[22m[39m[31m[1m^[22m[39m[31m[1m^[22m[39m[31m[1m^[22m[39m[31m[1m^[22m[39m
[31m[1m>[22m[39m[90m 340 |[39m             [33mTHE[39m{[32m" "[39m}
 [90m     |[39m [31m[1m^[22m[39m[31m[1m^[22m[39m[31m[1m^[22m[39m[31m[1m^[22m[39m[31m[1m^[22m[39m[31m[1m^[22m[39m[31m[1m^[22m[39m[31m[1m^[22m[39m[31m[1m^[22m[39m[31m[1m^[22m[39m
[31m[1m>[22m[39m[90m 341 |[39m             [33m<[39m[33mspan[39m className[33m=[39m[32m"text-transparent bg-clip-text bg-gradient-to-r from-[#CCFF00] via-[#BF00FF] to-[#FF007F]"[39m[33m>[39m
 [90m     |[39m [31m[1m^[22m[39m[31m[1m^[22m[39m[31m[1m^[22m[39m[31m[1m^[22m[39m[31m[1m^[22m[39m[31m[1m^[22m[39m[31m[1m^[22m[39m[31m[1m^[22m[39m[31m[1m^[22m[39m[31m[1m^[22m[39m
[31m[1m>[22m[39m[90m 342 |[39m               [33mLINEUP[39m
 [90m     |[39m [31m[1m^[22m[39m[31m[1m^[22m[39m[31m[1m^[22m[39m[31m[1m^[22m[39m[31m[1m^[22m[39m[31m[1m^[22m[39m[31m[1m^[22m[39m[31m[1m^[22m[39m[31m[1m^[22m[39m[31m[1m^[22m[39m
[31m[1m>[22m[39m[90m 343 |[39m             [33m<[39m[33m/[39m[33mspan[39m[33m>[39m
 [90m     |[39m [31m[1m^[22m[39m[31m[1m^[22m[39m[31m[1m^[22m[39m[31m[1m^[22m[39m[31m[1m^[22m[39m[31m[1m^[22m[39m[31m[1m^[22m[39m[31m[1m^[22m[39m[31m[1m^[22m[39m[31m[1m^[22m[39m
[31m[1m>[22m[39m[90m 344 |[39m           [33m<[39m[33m/[39m[33mh2[39m[33m>[39m
 [90m     |[39m [31m[1m^[22m[39m[31m[1m^[22m[39m[31m[1m^[22m[39m[31m[1m^[22m[39m[31m[1m^[22m[39m[31m[1m^[22m[39m[31m[1m^[22m[39m[31m[1m^[22m[39m[31m[1m^[22m[39m[31m[1m^[22m[39m
[31m[1m>[22m[39m[90m 345 |[39m         [33m<[39m[33m/[39m[33mdiv[39m[33m>[39m
 [90m     |[39m [31m[1m^[22m[39m[31m[1m^[22m[39m[31m[1m^[22m[39m[31m[1m^[22m[39m[31m[1m^[22m[39m[31m[1m^[22m[39m[31m[1m^[22m[39m[31m[1m^[22m[39m[31m[1m^[22m[39m[31m[1m^[22m[39m
[31m[1m>[22m[39m[90m 346 |[39m       [33m<[39m[33m/[39m[33mdiv[39m[33m>[39m
 [90m     |[39m [31m[1m^[22m[39m[31m[1m^[22m[39m[31m[1m^[22m[39m[31m[1m^[22m[39m[31m[1m^[22m[39m[31m[1m^[22m[39m[31m[1m^[22m[39m[31m[1m^[22m[39m[31m[1m^[22m[39m[31m[1m^[22m[39m
[31m[1m>[22m[39m[90m 347 |[39m
 [90m     |[39m [31m[1m^[22m[39m[31m[1m^[22m[39m[31m[1m^[22m[39m[31m[1m^[22m[39m[31m[1m^[22m[39m[31m[1m^[22m[39m[31m[1m^[22m[39m[31m[1m^[22m[39m[31m[1m^[22m[39m[31m[1m^[22m[39m
[31m[1m>[22m[39m[90m 348 |[39m       {[90m/* Grid Container */[39m}
 [90m     |[39m [31m[1m^[22m[39m[31m[1m^[22m[39m[31m[1m^[22m[39m[31m[1m^[22m[39m[31m[1m^[22m[39m[31m[1m^[22m[39m[31m[1m^[22m[39m[31m[1m^[22m[39m[31m[1m^[22m[39m[31m[1m^[22m[39m
[31m[1m>[22m[39m[90m 349 |[39m       [33m<[39m[33mdiv[39m className[33m=[39m[32m"relative z-10 max-w-7xl mx-auto grid grid-cols-1 md:grid-cols-12 gap-4 md:gap-6"[39m[33m>[39m
 [90m     |[39m [31m[1m^[22m[39m[31m[1m^[22m[39m[31m[1m^[22m[39m[31m[1m^[22m[39m[31m[1m^[22m[39m[31m[1m^[22m[39m[31m[1m^[22m[39m[31m[1m^[22m[39m[31m[1m^[22m[39m[31m[1m^[22m[39m
[31m[1m>[22m[39m[90m 350 |[39m         {[33mFEATURE_DATA[39m[33m.[39mmap((item) [33m=>[39m (
 [90m     |[39m [31m[1m^[22m[39m[31m[1m^[22m[39m[31m[1m^[22m[39m[31m[1m^[22m[39m[31m[1m^[22m[39m[31m[1m^[22m[39m[31m[1m^[22m[39m[31m[1m^[22m[39m[31m[1m^[22m[39m[31m[1m^[22m[39m
[31m[1m>[22m[39m[90m 351 |[39m           [33m<[39m[33mmotion[39m[33m.[39mdiv
 [90m     |[39m [31m[1m^[22m[39m[31m[1m^[22m[39m[31m[1m^[22m[39m[31m[1m^[22m[39m[31m[1m^[22m[39m[31m[1m^[22m[39m[31m[1m^[22m[39m[31m[1m^[22m[39m[31m[1m^[22m[39m[31m[1m^[22m[39m
[31m[1m>[22m[39m[90m 352 |[39m             key[33m=[39m{item[33m.[39mid}
 [90m     |[39m [31m[1m^[22m[39m[31m[1m^[22m[39m[31m[1m^[22m[39m[31m[1m^[22m[39m[31m[1m^[22m[39m[31m[1m^[22m[39m[31m[1m^[22m[39m[31m[1m^[22m[39m[31m[1m^[22m[39m[31m[1m^[22m[39m
[31m[1m>[22m[39m[90m 353 |[39m             initial[33m=[39m{{ opacity[33m:[39m [35m0[39m[33m,[39m y[33m:[39m [35m20[39m }}
 [90m     |[39m [31m[1m^[22m[39m[31m[1m^[22m[39m[31m[1m^[22m[39m[31m[1m^[22m[39m[31m[1m^[22m[39m[31m[1m^[22m[39m[31m[1m^[22m[39m[31m[1m^[22m[39m[31m[1m^[22m[39m[31m[1m^[22m[39m
[31m[1m>[22m[39m[90m 354 |[39m             whileInView[33m=[39m{{ opacity[33m:[39m [35m1[39m[33m,[39m y[33m:[39m [35m0[39m }}
 [90m     |[39m [31m[1m^[22m[39m[31m[1m^[22m[39m[31m[1m^[22m[39m[31m[1m^[22m[39m[31m[1m^[22m[39m[31m[1m^[22m[39m[31m[1m^[22m[39m[31m[1m^[22m[39m[31m[1m^[22m[39m[31m[1m^[22m[39m
[31m[1m>[22m[39m[90m 355 |[39m             viewport[33m=[39m{{ once[33m:[39m [36mtrue[39m }}
 [90m     |[39m [31m[1m^[22m[39m[31m[1m^[22m[39m[31m[1m^[22m[39m[31m[1m^[22m[39m[31m[1m^[22m[39m[31m[1m^[22m[39m[31m[1m^[22m[39m[31m[1m^[22m[39m[31m[1m^[22m[39m[31m[1m^[22m[39m
[31m[1m>[22m[39m[90m 356 |[39m             whileHover[33m=[39m{{ scale[33m:[39m [35m1.01[39m }}
 [90m     |[39m [31m[1m^[22m[39m[31m[1m^[22m[39m[31m[1m^[22m[39m[31m[1m^[22m[39m[31m[1m^[22m[39m[31m[1m^[22m[39m[31m[1m^[22m[39m[31m[1m^[22m[39m[31m[1m^[22m[39m[31m[1m^[22m[39m
[31m[1m>[22m[39m[90m 357 |[39m             className[33m=[39m{[32m`group relative flex flex-col bg-[#0A0A0A] border-2 ${item.border} ${item.size} p-6 md:p-8 transition-all duration-150 ${item.shadow}`[39m}
 [90m     |[39m [31m[1m^[22m[39m[31m[1m^[22m[39m[31m[1m^[22m[39m[31m[1m^[22m[39m[31m[1m^[22m[39m[31m[1m^[22m[39m[31m[1m^[22m[39m[31m[1m^[22m[39m[31m[1m^[22m[39m[31m[1m^[22m[39m
[31m[1m>[22m[39m[90m 358 |[39m             style[33m=[39m{{ clipPath[33m:[39m [33mOCTAGON_CLIP[39m }}
 [90m     |[39m [31m[1m^[22m[39m[31m[1m^[22m[39m[31m[1m^[22m[39m[31m[1m^[22m[39m[31m[1m^[22m[39m[31m[1m^[22m[39m[31m[1m^[22m[39m[31m[1m^[22m[39m[31m[1m^[22m[39m[31m[1m^[22m[39m
[31m[1m>[22m[39m[90m 359 |[39m           [33m>[39m
 [90m     |[39m [31m[1m^[22m[39m[31m[1m^[22m[39m[31m[1m^[22m[39m[31m[1m^[22m[39m[31m[1m^[22m[39m[31m[1m^[22m[39m[31m[1m^[22m[39m[31m[1m^[22m[39m[31m[1m^[22m[39m[31m[1m^[22m[39m
[31m[1m>[22m[39m[90m 360 |[39m             {[90m/* Grain Overlay */[39m}
 [90m     |[39m [31m[1m^[22m[39m[31m[1m^[22m[39m[31m[1m^[22m[39m[31m[1m^[22m[39m[31m[1m^[22m[39m[31m[1m^[22m[39m[31m[1m^[22m[39m[31m[1m^[22m[39m[31m[1m^[22m[39m[31m[1m^[22m[39m
[31m[1m>[22m[39m[90m 361 |[39m             [33m<[39m[33mdiv[39m className[33m=[39m[32m"absolute inset-0 bg-grain opacity-5 pointer-events-none"[39m [33m/[39m[33m>[39m
 [90m     |[39m [31m[1m^[22m[39m[31m[1m^[22m[39m[31m[1m^[22m[39m[31m[1m^[22m[39m[31m[1m^[22m[39m[31m[1m^[22m[39m[31m[1m^[22m[39m[31m[1m^[22m[39m[31m[1m^[22m[39m[31m[1m^[22m[39m
[31m[1m>[22m[39m[90m 362 |[39m
 [90m     |[39m [31m[1m^[22m[39m[31m[1m^[22m[39m[31m[1m^[22m[39m[31m[1m^[22m[39m[31m[1m^[22m[39m[31m[1m^[22m[39m[31m[1m^[22m[39m[31m[1m^[22m[39m[31m[1m^[22m[39m[31m[1m^[22m[39m
[31m[1m>[22m[39m[90m 363 |[39m             {[90m/* Card Header */[39m}
 [90m     |[39m [31m[1m^[22m[39m[31m[1m^[22m[39m[31m[1m^[22m[39m[31m[1m^[22m[39m[31m[1m^[22m[39m[31m[1m^[22m[39m[31m[1m^[22m[39m[31m[1m^[22m[39m[31m[1m^[22m[39m[31m[1m^[22m[39m
[31m[1m>[22m[39m[90m 364 |[39m             [33m<[39m[33mdiv[39m className[33m=[39m[32m"flex justify-between items-start mb-8"[39m[33m>[39m
 [90m     |[39m [31m[1m^[22m[39m[31m[1m^[22m[39m[31m[1m^[22m[39m[31m[1m^[22m[39m[31m[1m^[22m[39m[31m[1m^[22m[39m[31m[1m^[22m[39m[31m[1m^[22m[39m[31m[1m^[22m[39m[31m[1m^[22m[39m
[31m[1m>[22m[39m[90m 365 |[39m               [33m<[39m[33mdiv[39m
 [90m     |[39m [31m[1m^[22m[39m[31m[1m^[22m[39m[31m[1m^[22m[39m[31m[1m^[22m[39m[31m[1m^[22m[39m[31m[1m^[22m[39m[31m[1m^[22m[39m[31m[1m^[22m[39m[31m[1m^[22m[39m[31m[1m^[22m[39m
[31m[1m>[22m[39m[90m 366 |[39m                 className[33m=[39m{[32m`p-3 bg-[#1A1A1A] border border-[#333333] transition-colors group-hover:bg-[#050505]`[39m}
 [90m     |[39m [31m[1m^[22m[39m[31m[1m^[22m[39m[31m[1m^[22m[39m[31m[1m^[22m[39m[31m[1m^[22m[39m[31m[1m^[22m[39m[31m[1m^[22m[39m[31m[1m^[22m[39m[31m[1m^[22m[39m[31m[1m^[22m[39m
[31m[1m>[22m[39m[90m 367 |[39m               [33m>[39m
 [90m     |[39m [31m[1m^[22m[39m[31m[1m^[22m[39m[31m[1m^[22m[39m[31m[1m^[22m[39m[31m[1m^[22m[39m[31m[1m^[22m[39m[31m[1m^[22m[39m[31m[1m^[22m[39m[31m[1m^[22m[39m[31m[1m^[22m[39m
[31m[1m>[22m[39m[90m 368 |[39m                 [33m<[39m[33mitem[39m[33m.[39micon
 [90m     |[39m [31m[1m^[22m[39m[31m[1m^[22m[39m[31m[1m^[22m[39m[31m[1m^[22m[39m[31m[1m^[22m[39m[31m[1m^[22m[39m[31m[1m^[22m[39m[31m[1m^[22m[39m[31m[1m^[22m[39m[31m[1m^[22m[39m
[31m[1m>[22m[39m[90m 369 |[39m                   className[33m=[39m{[32m`w-8 h-8 ${item.accent} group-hover:scale-110 transition-transform duration-300`[39m}
 [90m     |[39m [31m[1m^[22m[39m[31m[1m^[22m[39m[31m[1m^[22m[39m[31m[1m^[22m[39m[31m[1m^[22m[39m[31m[1m^[22m[39m[31m[1m^[22m[39m[31m[1m^[22m[39m[31m[1m^[22m[39m[31m[1m^[22m[39m
[31m[1m>[22m[39m[90m 370 |[39m                 [33m/[39m[33m>[39m
 [90m     |[39m [31m[1m^[22m[39m[31m[1m^[22m[39m[31m[1m^[22m[39m[31m[1m^[22m[39m[31m[1m^[22m[39m[31m[1m^[22m[39m[31m[1m^[22m[39m[31m[1m^[22m[39m[31m[1m^[22m[39m[31m[1m^[22m[39m
[31m[1m>[22m[39m[90m 371 |[39m               [33m<[39m[33m/[39m[33mdiv[39m[33m>[39m
 [90m     |[39m [31m[1m^[22m[39m[31m[1m^[22m[39m[31m[1m^[22m[39m[31m[1m^[22m[39m[31m[1m^[22m[39m[31m[1m^[22m[39m[31m[1m^[22m[39m[31m[1m^[22m[39m[31m[1m^[22m[39m[31m[1m^[22m[39m
[31m[1m>[22m[39m[90m 372 |[39m               [33m<[39m[33mspan[39m className[33m=[39m[32m"font-label text-[#333333] group-hover:text-[#F5F5F5] transition-colors"[39m[33m>[39m
 [90m     |[39m [31m[1m^[22m[39m[31m[1m^[22m[39m[31m[1m^[22m[39m[31m[1m^[22m[39m[31m[1m^[22m[39m[31m[1m^[22m[39m[31m[1m^[22m[39m[31m[1m^[22m[39m[31m[1m^[22m[39m[31m[1m^[22m[39m
[31m[1m>[22m[39m[90m 373 |[39m                 {item[33m.[39mid}
 [90m     |[39m [31m[1m^[22m[39m[31m[1m^[22m[39m[31m[1m^[22m[39m[31m[1m^[22m[39m[31m[1m^[22m[39m[31m[1m^[22m[39m[31m[1m^[22m[39m[31m[1m^[22m[39m[31m[1m^[22m[39m[31m[1m^[22m[39m
[31m[1m>[22m[39m[90m 374 |[39m               [33m<[39m[33m/[39m[33mspan[39m[33m>[39m
 [90m     |[39m [31m[1m^[22m[39m[31m[1m^[22m[39m[31m[1m^[22m[39m[31m[1m^[22m[39m[31m[1m^[22m[39m[31m[1m^[22m[39m[31m[1m^[22m[39m[31m[1m^[22m[39m[31m[1m^[22m[39m[31m[1m^[22m[39m
[31m[1m>[22m[39m[90m 375 |[39m             [33m<[39m[33m/[39m[33mdiv[39m[33m>[39m
 [90m     |[39m [31m[1m^[22m[39m[31m[1m^[22m[39m[31m[1m^[22m[39m[31m[1m^[22m[39m[31m[1m^[22m[39m[31m[1m^[22m[39m[31m[1m^[22m[39m[31m[1m^[22m[39m[31m[1m^[22m[39m[31m[1m^[22m[39m
[31m[1m>[22m[39m[90m 376 |[39m
 [90m     |[39m [31m[1m^[22m[39m[31m[1m^[22m[39m[31m[1m^[22m[39m[31m[1m^[22m[39m[31m[1m^[22m[39m[31m[1m^[22m[39m[31m[1m^[22m[39m[31m[1m^[22m[39m[31m[1m^[22m[39m[31m[1m^[22m[39m
[31m[1m>[22m[39m[90m 377 |[39m             {[90m/* Card Content */[39m}
 [90m     |[39m [31m[1m^[22m[39m[31m[1m^[22m[39m[31m[1m^[22m[39m[31m[1m^[22m[39m[31m[1m^[22m[39m[31m[1m^[22m[39m[31m[1m^[22m[39m[31m[1m^[22m[39m[31m[1m^[22m[39m[31m[1m^[22m[39m
[31m[1m>[22m[39m[90m 378 |[39m             [33m<[39m[33mdiv[39m className[33m=[39m[32m"mt-auto"[39m[33m>[39m
 [90m     |[39m [31m[1m^[22m[39m[31m[1m^[22m[39m[31m[1m^[22m[39m[31m[1m^[22m[39m[31m[1m^[22m[39m[31m[1m^[22m[39m[31m[1m^[22m[39m[31m[1m^[22m[39m[31m[1m^[22m[39m[31m[1m^[22m[39m
[31m[1m>[22m[39m[90m 379 |[39m               [33m<[39m[33mspan[39m
 [90m     |[39m [31m[1m^[22m[39m[31m[1m^[22m[39m[31m[1m^[22m[39m[31m[1m^[22m[39m[31m[1m^[22m[39m[31m[1m^[22m[39m[31m[1m^[22m[39m[31m[1m^[22m[39m[31m[1m^[22m[39m[31m[1m^[22m[39m
[31m[1m>[22m[39m[90m 380 |[39m                 className[33m=[39m{[32m`font-label text-xs tracking-widest mb-2 block ${item.accent} opacity-80`[39m}
 [90m     |[39m [31m[1m^[22m[39m[31m[1m^[22m[39m[31m[1m^[22m[39m[31m[1m^[22m[39m[31m[1m^[22m[39m[31m[1m^[22m[39m[31m[1m^[22m[39m[31m[1m^[22m[39m[31m[1m^[22m[39m[31m[1m^[22m[39m
[31m[1m>[22m[39m[90m 381 |[39m               [33m>[39m
 [90m     |[39m [31m[1m^[22m[39m[31m[1m^[22m[39m[31m[1m^[22m[39m[31m[1m^[22m[39m[31m[1m^[22m[39m[31m[1m^[22m[39m[31m[1m^[22m[39m[31m[1m^[22m[39m[31m[1m^[22m[39m[31m[1m^[22m[39m
[31m[1m>[22m[39m[90m 382 |[39m                 {item[33m.[39msubtitle}
 [90m     |[39m [31m[1m^[22m[39m[31m[1m^[22m[39m[31m[1m^[22m[39m[31m[1m^[22m[39m[31m[1m^[22m[39m[31m[1m^[22m[39m[31m[1m^[22m[39m[31m[1m^[22m[39m[31m[1m^[22m[39m[31m[1m^[22m[39m
[31m[1m>[22m[39m[90m 383 |[39m               [33m<[39m[33m/[39m[33mspan[39m[33m>[39m
 [90m     |[39m [31m[1m^[22m[39m[31m[1m^[22m[39m[31m[1m^[22m[39m[31m[1m^[22m[39m[31m[1m^[22m[39m[31m[1m^[22m[39m[31m[1m^[22m[39m[31m[1m^[22m[39m[31m[1m^[22m[39m[31m[1m^[22m[39m
[31m[1m>[22m[39m[90m 384 |[39m               [33m<[39m[33mh3[39m className[33m=[39m[32m"font-header text-3xl md:text-4xl text-[#F5F5F5] mb-4 leading-tight group-hover:tracking-wider transition-all duration-300"[39m[33m>[39m
 [90m     |[39m [31m[1m^[22m[39m[31m[1m^[22m[39m[31m[1m^[22m[39m[31m[1m^[22m[39m[31m[1m^[22m[39m[31m[1m^[22m[39m[31m[1m^[22m[39m[31m[1m^[22m[39m[31m[1m^[22m[39m[31m[1m^[22m[39m
[31m[1m>[22m[39m[90m 385 |[39m                 {item[33m.[39mtitle}
 [90m     |[39m [31m[1m^[22m[39m[31m[1m^[22m[39m[31m[1m^[22m[39m[31m[1m^[22m[39m[31m[1m^[22m[39m[31m[1m^[22m[39m[31m[1m^[22m[39m[31m[1m^[22m[39m[31m[1m^[22m[39m[31m[1m^[22m[39m
[31m[1m>[22m[39m[90m 386 |[39m               [33m<[39m[33m/[39m[33mh3[39m[33m>[39m
 [90m     |[39m [31m[1m^[22m[39m[31m[1m^[22m[39m[31m[1m^[22m[39m[31m[1m^[22m[39m[31m[1m^[22m[39m[31m[1m^[22m[39m[31m[1m^[22m[39m[31m[1m^[22m[39m[31m[1m^[22m[39m[31m[1m^[22m[39m
[31m[1m>[22m[39m[90m 387 |[39m               [33m<[39m[33mp[39m className[33m=[39m[32m"font-body text-[#A1A1AA] text-sm md:text-base max-w-md leading-relaxed group-hover:text-[#F5F5F5] transition-colors"[39m[33m>[39m
 [90m     |[39m [31m[1m^[22m[39m[31m[1m^[22m[39m[31m[1m^[22m[39m[31m[1m^[22m[39m[31m[1m^[22m[39m[31m[1m^[22m[39m[31m[1m^[22m[39m[31m[1m^[22m[39m[31m[1m^[22m[39m[31m[1m^[22m[39m
[31m[1m>[22m[39m[90m 388 |[39m                 {item[33m.[39mdescription}
 [90m     |[39m [31m[1m^[22m[39m[31m[1m^[22m[39m[31m[1m^[22m[39m[31m[1m^[22m[39m[31m[1m^[22m[39m[31m[1m^[22m[39m[31m[1m^[22m[39m[31m[1m^[22m[39m[31m[1m^[22m[39m[31m[1m^[22m[39m
[31m[1m>[22m[39m[90m 389 |[39m               [33m<[39m[33m/[39m[33mp[39m[33m>[39m
 [90m     |[39m [31m[1m^[22m[39m[31m[1m^[22m[39m[31m[1m^[22m[39m[31m[1m^[22m[39m[31m[1m^[22m[39m[31m[1m^[22m[39m[31m[1m^[22m[39m[31m[1m^[22m[39m[31m[1m^[22m[39m[31m[1m^[22m[39m
[31m[1m>[22m[39m[90m 390 |[39m             [33m<[39m[33m/[39m[33mdiv[39m[33m>[39m
 [90m     |[39m [31m[1m^[22m[39m[31m[1m^[22m[39m[31m[1m^[22m[39m[31m[1m^[22m[39m[31m[1m^[22m[39m[31m[1m^[22m[39m[31m[1m^[22m[39m[31m[1m^[22m[39m[31m[1m^[22m[39m[31m[1m^[22m[39m
[31m[1m>[22m[39m[90m 391 |[39m
 [90m     |[39m [31m[1m^[22m[39m[31m[1m^[22m[39m[31m[1m^[22m[39m[31m[1m^[22m[39m[31m[1m^[22m[39m[31m[1m^[22m[39m[31m[1m^[22m[39m[31m[1m^[22m[39m[31m[1m^[22m[39m[31m[1m^[22m[39m
[31m[1m>[22m[39m[90m 392 |[39m             {[90m/* Hover Action */[39m}
 [90m     |[39m [31m[1m^[22m[39m[31m[1m^[22m[39m[31m[1m^[22m[39m[31m[1m^[22m[39m[31m[1m^[22m[39m[31m[1m^[22m[39m[31m[1m^[22m[39m[31m[1m^[22m[39m[31m[1m^[22m[39m[31m[1m^[22m[39m
[31m[1m>[22m[39m[90m 393 |[39m             [33m<[39m[33mdiv[39m className[33m=[39m[32m"absolute bottom-6 right-6 opacity-0 group-hover:opacity-100 transition-opacity translate-y-2 group-hover:translate-y-0 duration-300"[39m[33m>[39m
 [90m     |[39m [31m[1m^[22m[39m[31m[1m^[22m[39m[31m[1m^[22m[39m[31m[1m^[22m[39m[31m[1m^[22m[39m[31m[1m^[22m[39m[31m[1m^[22m[39m[31m[1m^[22m[39m[31m[1m^[22m[39m[31m[1m^[22m[39m
[31m[1m>[22m[39m[90m 394 |[39m               [33m<[39m[33mArrowUpRight[39m className[33m=[39m{[32m`w-6 h-6 ${item.accent}`[39m} [33m/[39m[33m>[39m
 [90m     |[39m [31m[1m^[22m[39m[31m[1m^[22m[39m[31m[1m^[22m[39m[31m[1m^[22m[39m[31m[1m^[22m[39m[31m[1m^[22m[39m[31m[1m^[22m[39m[31m[1m^[22m[39m[31m[1m^[22m[39m[31m[1m^[22m[39m
[31m[1m>[22m[39m[90m 395 |[39m             [33m<[39m[33m/[39m[33mdiv[39m[33m>[39m
 [90m     |[39m [31m[1m^[22m[39m[31m[1m^[22m[39m[31m[1m^[22m[39m[31m[1m^[22m[39m[31m[1m^[22m[39m[31m[1m^[22m[39m[31m[1m^[22m[39m[31m[1m^[22m[39m[31m[1m^[22m[39m[31m[1m^[22m[39m
[31m[1m>[22m[39m[90m 396 |[39m
 [90m     |[39m [31m[1m^[22m[39m[31m[1m^[22m[39m[31m[1m^[22m[39m[31m[1m^[22m[39m[31m[1m^[22m[39m[31m[1m^[22m[39m[31m[1m^[22m[39m[31m[1m^[22m[39m[31m[1m^[22m[39m[31m[1m^[22m[39m
[31m[1m>[22m[39m[90m 397 |[39m             {[90m/* Decorative Corner Accent */[39m}
 [90m     |[39m [31m[1m^[22m[39m[31m[1m^[22m[39m[31m[1m^[22m[39m[31m[1m^[22m[39m[31m[1m^[22m[39m[31m[1m^[22m[39m[31m[1m^[22m[39m[31m[1m^[22m[39m[31m[1m^[22m[39m[31m[1m^[22m[39m
[31m[1m>[22m[39m[90m 398 |[39m             [33m<[39m[33mdiv[39m
 [90m     |[39m [31m[1m^[22m[39m[31m[1m^[22m[39m[31m[1m^[22m[39m[31m[1m^[22m[39m[31m[1m^[22m[39m[31m[1m^[22m[39m[31m[1m^[22m[39m[31m[1m^[22m[39m[31m[1m^[22m[39m[31m[1m^[22m[39m
[31m[1m>[22m[39m[90m 399 |[39m               className[33m=[39m{[32m`absolute top-0 right-0 w-12 h-12 border-t-2 border-r-2 ${item.border} opacity-30`[39m}
 [90m     |[39m [31m[1m^[22m[39m[31m[1m^[22m[39m[31m[1m^[22m[39m[31m[1m^[22m[39m[31m[1m^[22m[39m[31m[1m^[22m[39m[31m[1m^[22m[39m[31m[1m^[22m[39m[31m[1m^[22m[39m[31m[1m^[22m[39m
[31m[1m>[22m[39m[90m 400 |[39m             [33m/[39m[33m>[39m
 [90m     |[39m [31m[1m^[22m[39m[31m[1m^[22m[39m[31m[1m^[22m[39m[31m[1m^[22m[39m[31m[1m^[22m[39m[31m[1m^[22m[39m[31m[1m^[22m[39m[31m[1m^[22m[39m[31m[1m^[22m[39m[31m[1m^[22m[39m
[31m[1m>[22m[39m[90m 401 |[39m           [33m<[39m[33m/[39m[33mmotion[39m[33m.[39mdiv[33m>[39m
 [90m     |[39m [31m[1m^[22m[39m[31m[1m^[22m[39m[31m[1m^[22m[39m[31m[1m^[22m[39m[31m[1m^[22m[39m[31m[1m^[22m[39m[31m[1m^[22m[39m[31m[1m^[22m[39m[31m[1m^[22m[39m[31m[1m^[22m[39m
[31m[1m>[22m[39m[90m 402 |[39m         ))}
 [90m     |[39m [31m[1m^[22m[39m[31m[1m^[22m[39m[31m[1m^[22m[39m[31m[1m^[22m[39m[31m[1m^[22m[39m[31m[1m^[22m[39m[31m[1m^[22m[39m[31m[1m^[22m[39m[31m[1m^[22m[39m[31m[1m^[22m[39m
[31m[1m>[22m[39m[90m 403 |[39m       [33m<[39m[33m/[39m[33mdiv[39m[33m>[39m
 [90m     |[39m [31m[1m^[22m[39m[31m[1m^[22m[39m[31m[1m^[22m[39m[31m[1m^[22m[39m[31m[1m^[22m[39m[31m[1m^[22m[39m[31m[1m^[22m[39m[31m[1m^[22m[39m[31m[1m^[22m[39m[31m[1m^[22m[39m
[31m[1m>[22m[39m[90m 404 |[39m
 [90m     |[39m [31m[1m^[22m[39m[31m[1m^[22m[39m[31m[1m^[22m[39m[31m[1m^[22m[39m[31m[1m^[22m[39m[31m[1m^[22m[39m[31m[1m^[22m[39m[31m[1m^[22m[39m[31m[1m^[22m[39m[31m[1m^[22m[39m
[31m[1m>[22m[39m[90m 405 |[39m       {[90m/* Marquee Footer (Optional visual flair) */[39m}
 [90m     |[39m [31m[1m^[22m[39m[31m[1m^[22m[39m[31m[1m^[22m[39m[31m[1m^[22m[39m[31m[1m^[22m[39m[31m[1m^[22m[39m[31m[1m^[22m[39m[31m[1m^[22m[39m[31m[1m^[22m[39m[31m[1m^[22m[39m
[31m[1m>[22m[39m[90m 406 |[39m       [33m<[39m[33mdiv[39m className[33m=[39m[32m"mt-24 relative overflow-hidden h-16 border-y border-[#333333] flex items-center"[39m[33m>[39m
 [90m     |[39m [31m[1m^[22m[39m[31m[1m^[22m[39m[31m[1m^[22m[39m[31m[1m^[22m[39m[31m[1m^[22m[39m[31m[1m^[22m[39m[31m[1m^[22m[39m[31m[1m^[22m[39m[31m[1m^[22m[39m[31m[1m^[22m[39m
[31m[1m>[22m[39m[90m 407 |[39m         [33m<[39m[33mdiv[39m className[33m=[39m[32m"flex whitespace-nowrap animate-marquee"[39m[33m>[39m
 [90m     |[39m [31m[1m^[22m[39m[31m[1m^[22m[39m[31m[1m^[22m[39m[31m[1m^[22m[39m[31m[1m^[22m[39m[31m[1m^[22m[39m[31m[1m^[22m[39m[31m[1m^[22m[39m[31m[1m^[22m[39m[31m[1m^[22m[39m
[31m[1m>[22m[39m[90m 408 |[39m           {[[33m...[39m[33mArray[39m([35m10[39m)][33m.[39mmap((_[33m,[39m i) [33m=>[39m (
 [90m     |[39m [31m[1m^[22m[39m[31m[1m^[22m[39m[31m[1m^[22m[39m[31m[1m^[22m[39m[31m[1m^[22m[39m[31m[1m^[22m[39m[31m[1m^[22m[39m[31m[1m^[22m[39m[31m[1m^[22m[39m[31m[1m^[22m[39m
[31m[1m>[22m[39m[90m 409 |[39m             [33m<[39m[33mdiv[39m key[33m=[39m{i} className[33m=[39m[32m"flex items-center mx-8"[39m[33m>[39m
 [90m     |[39m [31m[1m^[22m[39m[31m[1m^[22m[39m[31m[1m^[22m[39m[31m[1m^[22m[39m[31m[1m^[22m[39m[31m[1m^[22m[39m[31m[1m^[22m[39m[31m[1m^[22m[39m[31m[1m^[22m[39m[31m[1m^[22m[39m
[31m[1m>[22m[39m[90m 410 |[39m               [33m<[39m[33mspan[39m className[33m=[39m[32m"font-header text-2xl text-[#1A1A1A] uppercase tracking-widest mr-4"[39m[33m>[39m
 [90m     |[39m [31m[1m^[22m[39m[31m[1m^[22m[39m[31m[1m^[22m[39m[31m[1m^[22m[39m[31m[1m^[22m[39m[31m[1m^[22m[39m[31m[1m^[22m[39m[31m[1m^[22m[39m[31m[1m^[22m[39m[31m[1m^[22m[39m
[31m[1m>[22m[39m[90m 411 |[39m                 [33mAcid[39m [33mHalloween[39m [35m2024[39m
 [90m     |[39m [31m[1m^[22m[39m[31m[1m^[22m[39m[31m[1m^[22m[39m[31m[1m^[22m[39m[31m[1m^[22m[39m[31m[1m^[22m[39m[31m[1m^[22m[39m[31m[1m^[22m[39m[31m[1m^[22m[39m[31m[1m^[22m[39m
[31m[1m>[22m[39m[90m 412 |[39m               [33m<[39m[33m/[39m[33mspan[39m[33m>[39m
 [90m     |[39m [31m[1m^[22m[39m[31m[1m^[22m[39m[31m[1m^[22m[39m[31m[1m^[22m[39m[31m[1m^[22m[39m[31m[1m^[22m[39m[31m[1m^[22m[39m[31m[1m^[22m[39m[31m[1m^[22m[39m[31m[1m^[22m[39m
[31m[1m>[22m[39m[90m 413 |[39m               [33m<[39m[33mMusic2[39m className[33m=[39m[32m"text-[#1A1A1A] w-6 h-6"[39m [33m/[39m[33m>[39m
 [90m     |[39m [31m[1m^[22m[39m[31m[1m^[22m[39m[31m[1m^[22m[39m[31m[1m^[22m[39m[31m[1m^[22m[39m[31m[1m^[22m[39m[31m[1m^[22m[39m[31m[1m^[22m[39m[31m[1m^[22m[39m[31m[1m^[22m[39m
[31m[1m>[22m[39m[90m 414 |[39m             [33m<[39m[33m/[39m[33mdiv[39m[33m>[39m
 [90m     |[39m [31m[1m^[22m[39m[31m[1m^[22m[39m[31m[1m^[22m[39m[31m[1m^[22m[39m[31m[1m^[22m[39m[31m[1m^[22m[39m[31m[1m^[22m[39m[31m[1m^[22m[39m[31m[1m^[22m[39m[31m[1m^[22m[39m
[31m[1m>[22m[39m[90m 415 |[39m           ))}
 [90m     |[39m [31m[1m^[22m[39m[31m[1m^[22m[39m[31m[1m^[22m[39m[31m[1m^[22m[39m[31m[1m^[22m[39m[31m[1m^[22m[39m[31m[1m^[22m[39m[31m[1m^[22m[39m[31m[1m^[22m[39m[31m[1m^[22m[39m
[31m[1m>[22m[39m[90m 416 |[39m         [33m<[39m[33m/[39m[33mdiv[39m[33m>[39m
 [90m     |[39m [31m[1m^[22m[39m[31m[1m^[22m[39m[31m[1m^[22m[39m[31m[1m^[22m[39m[31m[1m^[22m[39m[31m[1m^[22m[39m[31m[1m^[22m[39m[31m[1m^[22m[39m[31m[1m^[22m[39m[31m[1m^[22m[39m
[31m[1m>[22m[39m[90m 417 |[39m       [33m<[39m[33m/[39m[33mdiv[39m[33m>[39m
 [90m     |[39m [31m[1m^[22m[39m[31m[1m^[22m[39m[31m[1m^[22m[39m[31m[1m^[22m[39m[31m[1m^[22m[39m[31m[1m^[22m[39m[31m[1m^[22m[39m[31m[1m^[22m[39m[31m[1m^[22m[39m[31m[1m^[22m[39m
[31m[1m>[22m[39m[90m 418 |[39m
 [90m     |[39m [31m[1m^[22m[39m[31m[1m^[22m[39m[31m[1m^[22m[39m[31m[1m^[22m[39m[31m[1m^[22m[39m[31m[1m^[22m[39m[31m[1m^[22m[39m[31m[1m^[22m[39m[31m[1m^[22m[39m[31m[1m^[22m[39m
[31m[1m>[22m[39m[90m 419 |[39m       {[90m/* Bottom CTA Trigger */[39m}
 [90m     |[39m [31m[1m^[22m[39m[31m[1m^[22m[39m[31m[1m^[22m[39m[31m[1m^[22m[39m[31m[1m^[22m[39m[31m[1m^[22m[39m[31m[1m^[22m[39m[31m[1m^[22m[39m[31m[1m^[22m[39m[31m[1m^[22m[39m
[31m[1m>[22m[39m[90m 420 |[39m       [33m<[39m[33mdiv[39m className[33m=[39m[32m"max-w-7xl mx-auto mt-12 flex justify-end"[39m[33m>[39m
 [90m     |[39m [31m[1m^[22m[39m[31m[1m^[22m[39m[31m[1m^[22m[39m[31m[1m^[22m[39m[31m[1m^[22m[39m[31m[1m^[22m[39m[31m[1m^[22m[39m[31m[1m^[22m[39m[31m[1m^[22m[39m[31m[1m^[22m[39m
[31m[1m>[22m[39m[90m 421 |[39m         [33m<[39m[33mbutton[39m className[33m=[39m[32m"group relative px-8 py-4 font-label font-bold uppercase tracking-widest overflow-hidden transition-all active:scale-95"[39m[33m>[39m
 [90m     |[39m [31m[1m^[22m[39m[31m[1m^[22m[39m[31m[1m^[22m[39m[31m[1m^[22m[39m[31m[1m^[22m[39m[31m[1m^[22m[39m[31m[1m^[22m[39m[31m[1m^[22m[39m[31m[1m^[22m[39m[31m[1m^[22m[39m
[31m[1m>[22m[39m[90m 422 |[39m           [33m<[39m[33mdiv[39m
 [90m     |[39m [31m[1m^[22m[39m[31m[1m^[22m[39m[31m[1m^[22m[39m[31m[1m^[22m[39m[31m[1m^[22m[39m[31m[1m^[22m[39m[31m[1m^[22m[39m[31m[1m^[22m[39m[31m[1m^[22m[39m[31m[1m^[22m[39m
[31m[1m>[22m[39m[90m 423 |[39m             className[33m=[39m[32m"absolute inset-0 bg-[#CCFF00] transition-transform duration-300 group-hover:translate-x-1 group-hover:translate-y-1"[39m
 [90m     |[39m [31m[1m^[22m[39m[31m[1m^[22m[39m[31m[1m^[22m[39m[31m[1m^[22m[39m[31m[1m^[22m[39m[31m[1m^[22m[39m[31m[1m^[22m[39m[31m[1m^[22m[39m[31m[1m^[22m[39m[31m[1m^[22m[39m
[31m[1m>[22m[39m[90m 424 |[39m             style[33m=[39m{{ clipPath[33m:[39m [33mOCTAGON_CLIP[39m }}
 [90m     |[39m [31m[1m^[22m[39m[31m[1m^[22m[39m[31m[1m^[22m[39m[31m[1m^[22m[39m[31m[1m^[22m[39m[31m[1m^[22m[39m[31m[1m^[22m[39m[31m[1m^[22m[39m[31m[1m^[22m[39m[31m[1m^[22m[39m
[31m[1m>[22m[39m[90m 425 |[39m           [33m/[39m[33m>[39m
 [90m     |[39m [31m[1m^[22m[39m[31m[1m^[22m[39m[31m[1m^[22m[39m[31m[1m^[22m[39m[31m[1m^[22m[39m[31m[1m^[22m[39m[31m[1m^[22m[39m[31m[1m^[22m[39m[31m[1m^[22m[39m[31m[1m^[22m[39m
[31m[1m>[22m[39m[90m 426 |[39m           [33m<[39m[33mdiv[39m
 [90m     |[39m [31m[1m^[22m[39m[31m[1m^[22m[39m[31m[1m^[22m[39m[31m[1m^[22m[39m[31m[1m^[22m[39m[31m[1m^[22m[39m[31m[1m^[22m[39m[31m[1m^[22m[39m[31m[1m^[22m[39m[31m[1m^[22m[39m
[31m[1m>[22m[39m[90m 427 |[39m             className[33m=[39m[32m"absolute inset-0 bg-[#050505] border-2 border-[#CCFF00]"[39m
 [90m     |[39m [31m[1m^[22m[39m[31m[1m^[22m[39m[31m[1m^[22m[39m[31m[1m^[22m[39m[31m[1m^[22m[39m[31m[1m^[22m[39m[31m[1m^[22m[39m[31m[1m^[22m[39m[31m[1m^[22m[39m[31m[1m^[22m[39m
[31m[1m>[22m[39m[90m 428 |[39m             style[33m=[39m{{ clipPath[33m:[39m [33mOCTAGON_CLIP[39m }}
 [90m     |[39m [31m[1m^[22m[39m[31m[1m^[22m[39m[31m[1m^[22m[39m[31m[1m^[22m[39m[31m[1m^[22m[39m[31m[1m^[22m[39m[31m[1m^[22m[39m[31m[1m^[22m[39m[31m[1m^[22m[39m[31m[1m^[22m[39m
[31m[1m>[22m[39m[90m 429 |[39m           [33m/[39m[33m>[39m
 [90m     |[39m [31m[1m^[22m[39m[31m[1m^[22m[39m[31m[1m^[22m[39m[31m[1m^[22m[39m[31m[1m^[22m[39m[31m[1m^[22m[39m[31m[1m^[22m[39m[31m[1m^[22m[39m[31m[1m^[22m[39m[31m[1m^[22m[39m
[31m[1m>[22m[39m[90m 430 |[39m           [33m<[39m[33mspan[39m className[33m=[39m[32m"relative z-10 text-[#CCFF00] group-hover:text-[#F5F5F5] transition-colors"[39m[33m>[39m
 [90m     |[39m [31m[1m^[22m[39m[31m[1m^[22m[39m[31m[1m^[22m[39m[31m[1m^[22m[39m[31m[1m^[22m[39m[31m[1m^[22m[39m[31m[1m^[22m[39m[31m[1m^[22m[39m[31m[1m^[22m[39m[31m[1m^[22m[39m
[31m[1m>[22m[39m[90m 431 |[39m             [33mView[39m [33mFull[39m [33mTimetable[39m
 [90m     |[39m [31m[1m^[22m[39m[31m[1m^[22m[39m[31m[1m^[22m[39m[31m[1m^[22m[39m[31m[1m^[22m[39m[31m[1m^[22m[39m[31m[1m^[22m[39m[31m[1m^[22m[39m[31m[1m^[22m[39m[31m[1m^[22m[39m
[31m[1m>[22m[39m[90m 432 |[39m           [33m<[39m[33m/[39m[33mspan[39m[33m>[39m
 [90m     |[39m [31m[1m^[22m[39m[31m[1m^[22m[39m[31m[1m^[22m[39m[31m[1m^[22m[39m[31m[1m^[22m[39m[31m[1m^[22m[39m[31m[1m^[22m[39m[31m[1m^[22m[39m[31m[1m^[22m[39m[31m[1m^[22m[39m
[31m[1m>[22m[39m[90m 433 |[39m         [33m<[39m[33m/[39m[33mbutton[39m[33m>[39m
 [90m     |[39m [31m[1m^[22m[39m[31m[1m^[22m[39m[31m[1m^[22m[39m[31m[1m^[22m[39m[31m[1m^[22m[39m[31m[1m^[22m[39m[31m[1m^[22m[39m[31m[1m^[22m[39m[31m[1m^[22m[39m[31m[1m^[22m[39m
[31m[1m>[22m[39m[90m 434 |[39m       [33m<[39m[33m/[39m[33mdiv[39m[33m>[39m
 [90m     |[39m [31m[1m^[22m[39m[31m[1m^[22m[39m[31m[1m^[22m[39m[31m[1m^[22m[39m[31m[1m^[22m[39m[31m[1m^[22m[39m[31m[1m^[22m[39m[31m[1m^[22m[39m[31m[1m^[22m[39m[31m[1m^[22m[39m
[31m[1m>[22m[39m[90m 435 |[39m     [33m<[39m[33m/[39m[33msection[39m[33m>[39m
 [90m     |[39m [31m[1m^[22m[39m[31m[1m^[22m[39m[31m[1m^[22m[39m[31m[1m^[22m[39m[31m[1m^[22m[39m[31m[1m^[22m[39m[31m[1m^[22m[39m[31m[1m^[22m[39m[31m[1m^[22m[39m[31m[1m^[22m[39m
[31m[1m>[22m[39m[90m 436 |[39m   )[33m;[39m
 [90m     |[39m [31m[1m^[22m[39m[31m[1m^[22m[39m[31m[1m^[22m[39m[31m[1m^[22m[39m[31m[1m^[22m[39m[31m[1m^[22m[39m[31m[1m^[22m[39m[31m[1m^[22m[39m[31m[1m^[22m[39m[31m[1m^[22m[39m
[31m[1m>[22m[39m[90m 437 |[39m }
 [90m     |[39m [31m[1m^[22m[39m[31m[1m^[22m[39m
 [90m 438 |[39m[0m

the name `default` is exported multiple times

Import trace:
  Server Component:
    ./sites/template/components/sections/home_LineupSection.tsx
    ./sites/template/app/page.tsx


./sites/template/components/sections/home_LineupSection.tsx:235:10
Ecmascript file had an error
[0m [90m 233 |[39m
 [90m 234 |[39m [36mimport[39m [33mReact[39m [36mfrom[39m [32m"react"[39m[33m;[39m
[31m[1m>[22m[39m[90m 235 |[39m [36mimport[39m { motion } [36mfrom[39m [32m"framer-motion"[39m[33m;[39m
 [90m     |[39m          [31m[1m^[22m[39m[31m[1m^[22m[39m[31m[1m^[22m[39m[31m[1m^[22m[39m[31m[1m^[22m[39m[31m[1m^[22m[39m
 [90m 236 |[39m [36mimport[39m {
 [90m 237 |[39m   [33mSkull[39m[33m,[39m
 [90m 238 |[39m   [33mZap[39m[33m,[39m[0m

the name `motion` is defined multiple times

Import trace:
  Server Component:
    ./sites/template/components/sections/home_LineupSection.tsx
    ./sites/template/app/page.tsx


    at <unknown> (./sites/template/components/sections/home_LineupSection.tsx:232:1)
    at <unknown> (./sites/template/components/sections/home_LineupSection.tsx:243:3)
    at <unknown> (./sites/template/components/sections/home_LineupSection.tsx:241:3)
    at <unknown> (./sites/template/components/sections/home_LineupSection.tsx:240:3)
    at <unknown> (./sites/template/components/sections/home_LineupSection.tsx:250:7)
    at <unknown> (./sites/template/components/sections/home_LineupSection.tsx:239:3)
    at <unknown> (./sites/template/components/sections/home_LineupSection.tsx:325:25)
    at <unknown> (./sites/template/components/sections/home_LineupSection.tsx:242:3)
    at <unknown> (./sites/template/components/sections/home_LineupSection.tsx:244:3)
    at <unknown> (./sites/template/components/sections/home_LineupSection.tsx:248:7)
    at <unknown> (./sites/template/components/sections/home_LineupSection.tsx:245:3)
    at <unknown> (./sites/template/components/sections/home_LineupSection.tsx:234:8)
    at <unknown> (./sites/template/components/sections/home_LineupSection.tsx:237:3)
    at <unknown> (./sites/template/components/sections/home_LineupSection.tsx:238:3)
    at <unknown> (./sites/template/components/sections/home_LineupSection.tsx:325:1)
    at <unknown> (./sites/template/components/sections/home_LineupSection.tsx:235:10)
